2018-12-28 16:34:34.8898||INFO|Quartz.Util.DBConnectionManager|Registering datasource 'SR-53\MSSQL' with db provider: 'Quartz.Impl.AdoJobStore.Common.DbProvider' 
2018-12-28 16:34:34.9599||INFO|Quartz.Impl.StdSchedulerFactory|Using object serializer: Quartz.Simpl.JsonObjectSerializer, Quartz.Serialization.Json 
2018-12-28 16:34:34.9799||DEBUG|Quartz.Simpl.TaskSchedulingThreadPool|TaskSchedulingThreadPool configured with max concurrency of 10 and TaskScheduler ThreadPoolTaskScheduler. 
2018-12-28 16:34:35.0311||INFO|Quartz.Core.SchedulerSignalerImpl|Initialized Scheduler Signaller of type: Quartz.Core.SchedulerSignalerImpl 
2018-12-28 16:34:35.0510||INFO|Quartz.Core.QuartzScheduler|Quartz Scheduler v.3.0.7.0 created. 
2018-12-28 16:34:35.0678||DEBUG|Quartz.Impl.AdoJobStore.StdAdoDelegate|Adding TriggerPersistenceDelegate of type: Quartz.Impl.AdoJobStore.SimpleTriggerPersistenceDelegate 
2018-12-28 16:34:35.0678||DEBUG|Quartz.Impl.AdoJobStore.StdAdoDelegate|Adding TriggerPersistenceDelegate of type: Quartz.Impl.AdoJobStore.CronTriggerPersistenceDelegate 
2018-12-28 16:34:35.0678||DEBUG|Quartz.Impl.AdoJobStore.StdAdoDelegate|Adding TriggerPersistenceDelegate of type: Quartz.Impl.AdoJobStore.CalendarIntervalTriggerPersistenceDelegate 
2018-12-28 16:34:35.0678||DEBUG|Quartz.Impl.AdoJobStore.StdAdoDelegate|Adding TriggerPersistenceDelegate of type: Quartz.Impl.AdoJobStore.DailyTimeIntervalTriggerPersistenceDelegate 
2018-12-28 16:34:35.0744||INFO|Quartz.Impl.AdoJobStore.JobStoreTX|Using thread monitor-based data access locking (synchronization). 
2018-12-28 16:34:35.0744||INFO|Quartz.Impl.AdoJobStore.JobStoreTX|JobStoreTX initialized. 
2018-12-28 16:34:35.0744||INFO|Quartz.Core.QuartzScheduler|Scheduler meta-data: Quartz Scheduler (v3.0.7.0) 'QuartzScheduler' with instanceId 'NON_CLUSTERED'
  Scheduler class: 'Quartz.Core.QuartzScheduler' - running locally.
  NOT STARTED.
  Currently in standby mode.
  Number of jobs executed: 0
  Using thread pool 'Quartz.Simpl.DefaultThreadPool' - with 10 threads.
  Using job-store 'Quartz.Impl.AdoJobStore.JobStoreTX' - which supports persistence. and is not clustered.
 
2018-12-28 16:34:35.0744||INFO|Quartz.Impl.StdSchedulerFactory|Quartz scheduler 'QuartzScheduler' initialized 
2018-12-28 16:34:35.0744||INFO|Quartz.Impl.StdSchedulerFactory|Quartz scheduler version: 3.0.7.0 
2018-12-28 16:34:35.0903||INFO|Quartz.Core.QuartzScheduler|JobFactory set to: BackgroundSchedulers.JobFactory 
2018-12-28 16:34:35.1121||DEBUG|Quartz.Impl.AdoJobStore.SimpleSemaphore|Lock 'TRIGGER_ACCESS' is desired by: 237f5719-763e-44b4-8c39-42212574ad2f 
2018-12-28 16:34:35.1121||DEBUG|Quartz.Impl.AdoJobStore.SimpleSemaphore|Lock 'TRIGGER_ACCESS' is being obtained: 237f5719-763e-44b4-8c39-42212574ad2f 
2018-12-28 16:34:35.1121||DEBUG|Quartz.Impl.AdoJobStore.SimpleSemaphore|Lock 'TRIGGER_ACCESS' given to: 237f5719-763e-44b4-8c39-42212574ad2f 
2018-12-28 16:34:35.2107||DEBUG|Quartz.SQL|Prepared SQL: UPDATE QRTZ_TRIGGERS SET TRIGGER_STATE = @newState WHERE SCHED_NAME = 'QuartzScheduler' AND (TRIGGER_STATE = @oldState1 OR TRIGGER_STATE = @oldState2) 
2018-12-28 16:34:35.2777||DEBUG|Quartz.SQL|Prepared SQL: UPDATE QRTZ_TRIGGERS SET TRIGGER_STATE = @newState WHERE SCHED_NAME = 'QuartzScheduler' AND (TRIGGER_STATE = @oldState1 OR TRIGGER_STATE = @oldState2) 
2018-12-28 16:34:35.2932||INFO|Quartz.Impl.AdoJobStore.JobStoreTX|Freed 0 triggers from 'acquired' / 'blocked' state. 
2018-12-28 16:34:35.2932||DEBUG|Quartz.SQL|Prepared SQL: SELECT TRIGGER_NAME, TRIGGER_GROUP FROM QRTZ_TRIGGERS WHERE SCHED_NAME = 'QuartzScheduler' AND MISFIRE_INSTR <> -1 AND NEXT_FIRE_TIME < @nextFireTime AND TRIGGER_STATE = @state1 ORDER BY NEXT_FIRE_TIME ASC, PRIORITY DESC 
2018-12-28 16:34:35.3265||DEBUG|Quartz.Impl.AdoJobStore.JobStoreTX|Found 0 triggers that missed their scheduled fire-time. 
2018-12-28 16:34:35.3265||DEBUG|Quartz.SQL|Prepared SQL: SELECT * FROM QRTZ_FIRED_TRIGGERS WHERE SCHED_NAME = 'QuartzScheduler' AND INSTANCE_NAME = @instanceName AND REQUESTS_RECOVERY = @requestsRecovery 
2018-12-28 16:34:35.3575||INFO|Quartz.Impl.AdoJobStore.JobStoreTX|Recovering 0 jobs that were in-progress at the time of the last shut-down. 
2018-12-28 16:34:35.3575||INFO|Quartz.Impl.AdoJobStore.JobStoreTX|Recovery complete. 
2018-12-28 16:34:35.3575||DEBUG|Quartz.SQL|Prepared SQL: SELECT TRIGGER_NAME, TRIGGER_GROUP FROM QRTZ_TRIGGERS WHERE SCHED_NAME = 'QuartzScheduler' AND TRIGGER_STATE = @state 
2018-12-28 16:34:35.3762||INFO|Quartz.Impl.AdoJobStore.JobStoreTX|Removed 0 'complete' triggers. 
2018-12-28 16:34:35.3762||DEBUG|Quartz.SQL|Prepared SQL: DELETE FROM QRTZ_FIRED_TRIGGERS WHERE SCHED_NAME = 'QuartzScheduler' 
2018-12-28 16:34:35.3909||INFO|Quartz.Impl.AdoJobStore.JobStoreTX|Removed 0 stale fired job entries. 
2018-12-28 16:34:35.3909||DEBUG|Quartz.Impl.AdoJobStore.SimpleSemaphore|Lock 'TRIGGER_ACCESS' returned by: 237f5719-763e-44b4-8c39-42212574ad2f 
2018-12-28 16:34:35.4178||INFO|Quartz.Core.QuartzScheduler|Scheduler QuartzScheduler_$_NON_CLUSTERED started. 
2018-12-28 16:34:35.4372||DEBUG|Quartz.Impl.AdoJobStore.MisfireHandler|Scanning for misfires... 
2018-12-28 16:34:36.4767||DEBUG|Quartz.SQL|Prepared SQL: SELECT TRIGGER_NAME, TRIGGER_GROUP, NEXT_FIRE_TIME, PRIORITY FROM QRTZ_TRIGGERS WHERE SCHED_NAME = 'QuartzScheduler' AND TRIGGER_STATE = @state AND NEXT_FIRE_TIME <= @noLaterThan AND (MISFIRE_INSTR = -1 OR (MISFIRE_INSTR <> -1 AND NEXT_FIRE_TIME >= @noEarlierThan)) ORDER BY NEXT_FIRE_TIME ASC, PRIORITY DESC 
2018-12-28 16:34:36.4767||DEBUG|Quartz.SQL|Prepared SQL: SELECT COUNT(TRIGGER_NAME) FROM QRTZ_TRIGGERS WHERE SCHED_NAME = 'QuartzScheduler' AND MISFIRE_INSTR <> -1 AND NEXT_FIRE_TIME < @nextFireTime AND TRIGGER_STATE = @state1 
2018-12-28 16:34:36.5126||DEBUG|Quartz.Impl.AdoJobStore.JobStoreTX|Found 0 triggers that missed their scheduled fire-time. 
2018-12-28 16:40:48.6945||INFO|Quartz.Util.DBConnectionManager|Registering datasource 'SR-53\MSSQL' with db provider: 'Quartz.Impl.AdoJobStore.Common.DbProvider' 
2018-12-28 16:40:48.7546||INFO|Quartz.Impl.StdSchedulerFactory|Using object serializer: Quartz.Simpl.JsonObjectSerializer, Quartz.Serialization.Json 
2018-12-28 16:40:48.7741||DEBUG|Quartz.Simpl.TaskSchedulingThreadPool|TaskSchedulingThreadPool configured with max concurrency of 10 and TaskScheduler ThreadPoolTaskScheduler. 
2018-12-28 16:40:48.8026||INFO|Quartz.Core.SchedulerSignalerImpl|Initialized Scheduler Signaller of type: Quartz.Core.SchedulerSignalerImpl 
2018-12-28 16:40:48.8227||INFO|Quartz.Core.QuartzScheduler|Quartz Scheduler v.3.0.7.0 created. 
2018-12-28 16:40:48.8361||DEBUG|Quartz.Impl.AdoJobStore.StdAdoDelegate|Adding TriggerPersistenceDelegate of type: Quartz.Impl.AdoJobStore.SimpleTriggerPersistenceDelegate 
2018-12-28 16:40:48.8361||DEBUG|Quartz.Impl.AdoJobStore.StdAdoDelegate|Adding TriggerPersistenceDelegate of type: Quartz.Impl.AdoJobStore.CronTriggerPersistenceDelegate 
2018-12-28 16:40:48.8361||DEBUG|Quartz.Impl.AdoJobStore.StdAdoDelegate|Adding TriggerPersistenceDelegate of type: Quartz.Impl.AdoJobStore.CalendarIntervalTriggerPersistenceDelegate 
2018-12-28 16:40:48.8402||DEBUG|Quartz.Impl.AdoJobStore.StdAdoDelegate|Adding TriggerPersistenceDelegate of type: Quartz.Impl.AdoJobStore.DailyTimeIntervalTriggerPersistenceDelegate 
2018-12-28 16:40:48.8402||INFO|Quartz.Impl.AdoJobStore.JobStoreTX|Using thread monitor-based data access locking (synchronization). 
2018-12-28 16:40:48.8402||INFO|Quartz.Impl.AdoJobStore.JobStoreTX|JobStoreTX initialized. 
2018-12-28 16:40:48.8402||INFO|Quartz.Core.QuartzScheduler|Scheduler meta-data: Quartz Scheduler (v3.0.7.0) 'QuartzScheduler' with instanceId 'NON_CLUSTERED'
  Scheduler class: 'Quartz.Core.QuartzScheduler' - running locally.
  NOT STARTED.
  Currently in standby mode.
  Number of jobs executed: 0
  Using thread pool 'Quartz.Simpl.DefaultThreadPool' - with 10 threads.
  Using job-store 'Quartz.Impl.AdoJobStore.JobStoreTX' - which supports persistence. and is not clustered.
 
2018-12-28 16:40:48.8402||INFO|Quartz.Impl.StdSchedulerFactory|Quartz scheduler 'QuartzScheduler' initialized 
2018-12-28 16:40:48.8402||INFO|Quartz.Impl.StdSchedulerFactory|Quartz scheduler version: 3.0.7.0 
2018-12-28 16:40:49.3682||INFO|Quartz.Core.QuartzScheduler|JobFactory set to: BackgroundSchedulers.JobFactory 
2018-12-28 16:40:49.5942||DEBUG|Quartz.Impl.AdoJobStore.SimpleSemaphore|Lock 'TRIGGER_ACCESS' is desired by: a938140b-9a31-44bd-b94a-9cc099d99f0b 
2018-12-28 16:40:49.5942||DEBUG|Quartz.Impl.AdoJobStore.SimpleSemaphore|Lock 'TRIGGER_ACCESS' is being obtained: a938140b-9a31-44bd-b94a-9cc099d99f0b 
2018-12-28 16:40:49.5942||DEBUG|Quartz.Impl.AdoJobStore.SimpleSemaphore|Lock 'TRIGGER_ACCESS' given to: a938140b-9a31-44bd-b94a-9cc099d99f0b 
2018-12-28 16:40:49.6930||DEBUG|Quartz.SQL|Prepared SQL: UPDATE QRTZ_TRIGGERS SET TRIGGER_STATE = @newState WHERE SCHED_NAME = 'QuartzScheduler' AND (TRIGGER_STATE = @oldState1 OR TRIGGER_STATE = @oldState2) 
2018-12-28 16:40:49.7654||DEBUG|Quartz.SQL|Prepared SQL: UPDATE QRTZ_TRIGGERS SET TRIGGER_STATE = @newState WHERE SCHED_NAME = 'QuartzScheduler' AND (TRIGGER_STATE = @oldState1 OR TRIGGER_STATE = @oldState2) 
2018-12-28 16:40:49.7839||INFO|Quartz.Impl.AdoJobStore.JobStoreTX|Freed 0 triggers from 'acquired' / 'blocked' state. 
2018-12-28 16:40:49.7950||DEBUG|Quartz.SQL|Prepared SQL: SELECT TRIGGER_NAME, TRIGGER_GROUP FROM QRTZ_TRIGGERS WHERE SCHED_NAME = 'QuartzScheduler' AND MISFIRE_INSTR <> -1 AND NEXT_FIRE_TIME < @nextFireTime AND TRIGGER_STATE = @state1 ORDER BY NEXT_FIRE_TIME ASC, PRIORITY DESC 
2018-12-28 16:40:49.8177||DEBUG|Quartz.Impl.AdoJobStore.JobStoreTX|Found 0 triggers that missed their scheduled fire-time. 
2018-12-28 16:40:49.8278||DEBUG|Quartz.SQL|Prepared SQL: SELECT * FROM QRTZ_FIRED_TRIGGERS WHERE SCHED_NAME = 'QuartzScheduler' AND INSTANCE_NAME = @instanceName AND REQUESTS_RECOVERY = @requestsRecovery 
2018-12-28 16:40:49.8458||INFO|Quartz.Impl.AdoJobStore.JobStoreTX|Recovering 0 jobs that were in-progress at the time of the last shut-down. 
2018-12-28 16:40:49.8458||INFO|Quartz.Impl.AdoJobStore.JobStoreTX|Recovery complete. 
2018-12-28 16:40:49.8458||DEBUG|Quartz.SQL|Prepared SQL: SELECT TRIGGER_NAME, TRIGGER_GROUP FROM QRTZ_TRIGGERS WHERE SCHED_NAME = 'QuartzScheduler' AND TRIGGER_STATE = @state 
2018-12-28 16:40:49.8656||INFO|Quartz.Impl.AdoJobStore.JobStoreTX|Removed 0 'complete' triggers. 
2018-12-28 16:40:49.8656||DEBUG|Quartz.SQL|Prepared SQL: DELETE FROM QRTZ_FIRED_TRIGGERS WHERE SCHED_NAME = 'QuartzScheduler' 
2018-12-28 16:40:49.8816||INFO|Quartz.Impl.AdoJobStore.JobStoreTX|Removed 0 stale fired job entries. 
2018-12-28 16:40:49.8900||DEBUG|Quartz.Impl.AdoJobStore.SimpleSemaphore|Lock 'TRIGGER_ACCESS' returned by: a938140b-9a31-44bd-b94a-9cc099d99f0b 
2018-12-28 16:40:49.9087||INFO|Quartz.Core.QuartzScheduler|Scheduler QuartzScheduler_$_NON_CLUSTERED started. 
2018-12-28 16:40:50.3827||DEBUG|Quartz.Impl.AdoJobStore.MisfireHandler|Scanning for misfires... 
2018-12-28 16:40:50.3918||DEBUG|Quartz.SQL|Prepared SQL: SELECT COUNT(TRIGGER_NAME) FROM QRTZ_TRIGGERS WHERE SCHED_NAME = 'QuartzScheduler' AND MISFIRE_INSTR <> -1 AND NEXT_FIRE_TIME < @nextFireTime AND TRIGGER_STATE = @state1 
2018-12-28 16:40:50.4135||DEBUG|Quartz.SQL|Prepared SQL: SELECT TRIGGER_NAME, TRIGGER_GROUP, NEXT_FIRE_TIME, PRIORITY FROM QRTZ_TRIGGERS WHERE SCHED_NAME = 'QuartzScheduler' AND TRIGGER_STATE = @state AND NEXT_FIRE_TIME <= @noLaterThan AND (MISFIRE_INSTR = -1 OR (MISFIRE_INSTR <> -1 AND NEXT_FIRE_TIME >= @noEarlierThan)) ORDER BY NEXT_FIRE_TIME ASC, PRIORITY DESC 
2018-12-28 16:40:50.4135||DEBUG|Quartz.Impl.AdoJobStore.JobStoreTX|Found 0 triggers that missed their scheduled fire-time. 
2018-12-28 16:40:50.4379||DEBUG|Quartz.Core.QuartzSchedulerThread|Batch acquisition of 0 triggers 
2018-12-28 16:40:54.0975||DEBUG|Components.Services.Implementation.Logging|Message=[Login process started.], EmailAddress=[], Method=[Login], LineNumber=[366] 
2018-12-28 16:40:54.0975||DEBUG|Components.Services.Implementation.Logging|Message=[Getting user with the username: +923028417241], EmailAddress=[], Method=[Login], LineNumber=[368] 
2018-12-28 16:40:54.5638||DEBUG|Components.Services.Implementation.Logging|Message=[Password sign for the user with the username: +923028417241], EmailAddress=[], Method=[Login], LineNumber=[372] 
2018-12-28 16:40:54.5638||DEBUG|Components.Services.Implementation.Logging|Message=[Getting roles of the user.], EmailAddress=[], Method=[Login], LineNumber=[376] 
2018-12-28 16:40:54.6572||DEBUG|Components.Services.Implementation.Logging|Message=[Generating token of user with the username: +923028417241 and role: User], EmailAddress=[], Method=[Login], LineNumber=[378] 
2018-12-28 16:40:54.6789||DEBUG|Components.Services.Implementation.Logging|Message=[Login process ended.], EmailAddress=[], Method=[Login], LineNumber=[389] 
2018-12-28 16:41:04.6028||DEBUG|Quartz.SQL|Prepared SQL: SELECT TRIGGER_NAME, TRIGGER_GROUP, NEXT_FIRE_TIME, PRIORITY FROM QRTZ_TRIGGERS WHERE SCHED_NAME = 'QuartzScheduler' AND TRIGGER_STATE = @state AND NEXT_FIRE_TIME <= @noLaterThan AND (MISFIRE_INSTR = -1 OR (MISFIRE_INSTR <> -1 AND NEXT_FIRE_TIME >= @noEarlierThan)) ORDER BY NEXT_FIRE_TIME ASC, PRIORITY DESC 
2018-12-28 16:41:04.6265||DEBUG|Quartz.Core.QuartzSchedulerThread|Batch acquisition of 0 triggers 
2018-12-28 16:41:17.2311||DEBUG|Quartz.SQL|Prepared SQL: SELECT TRIGGER_NAME, TRIGGER_GROUP, NEXT_FIRE_TIME, PRIORITY FROM QRTZ_TRIGGERS WHERE SCHED_NAME = 'QuartzScheduler' AND TRIGGER_STATE = @state AND NEXT_FIRE_TIME <= @noLaterThan AND (MISFIRE_INSTR = -1 OR (MISFIRE_INSTR <> -1 AND NEXT_FIRE_TIME >= @noEarlierThan)) ORDER BY NEXT_FIRE_TIME ASC, PRIORITY DESC 
2018-12-28 16:41:17.2612||DEBUG|Quartz.Core.QuartzSchedulerThread|Batch acquisition of 0 triggers 
2018-12-28 16:50:28.3852||INFO|Quartz.Util.DBConnectionManager|Registering datasource 'SR-53\MSSQL' with db provider: 'Quartz.Impl.AdoJobStore.Common.DbProvider' 
2018-12-28 16:50:28.4479||INFO|Quartz.Impl.StdSchedulerFactory|Using object serializer: Quartz.Simpl.JsonObjectSerializer, Quartz.Serialization.Json 
2018-12-28 16:50:28.4748||DEBUG|Quartz.Simpl.TaskSchedulingThreadPool|TaskSchedulingThreadPool configured with max concurrency of 10 and TaskScheduler ThreadPoolTaskScheduler. 
2018-12-28 16:50:28.5230||INFO|Quartz.Core.SchedulerSignalerImpl|Initialized Scheduler Signaller of type: Quartz.Core.SchedulerSignalerImpl 
2018-12-28 16:50:28.5689||INFO|Quartz.Core.QuartzScheduler|Quartz Scheduler v.3.0.7.0 created. 
2018-12-28 16:50:28.5805||DEBUG|Quartz.Impl.AdoJobStore.StdAdoDelegate|Adding TriggerPersistenceDelegate of type: Quartz.Impl.AdoJobStore.SimpleTriggerPersistenceDelegate 
2018-12-28 16:50:28.5805||DEBUG|Quartz.Impl.AdoJobStore.StdAdoDelegate|Adding TriggerPersistenceDelegate of type: Quartz.Impl.AdoJobStore.CronTriggerPersistenceDelegate 
2018-12-28 16:50:28.5805||DEBUG|Quartz.Impl.AdoJobStore.StdAdoDelegate|Adding TriggerPersistenceDelegate of type: Quartz.Impl.AdoJobStore.CalendarIntervalTriggerPersistenceDelegate 
2018-12-28 16:50:28.5805||DEBUG|Quartz.Impl.AdoJobStore.StdAdoDelegate|Adding TriggerPersistenceDelegate of type: Quartz.Impl.AdoJobStore.DailyTimeIntervalTriggerPersistenceDelegate 
2018-12-28 16:50:28.5805||INFO|Quartz.Impl.AdoJobStore.JobStoreTX|Using thread monitor-based data access locking (synchronization). 
2018-12-28 16:50:28.5805||INFO|Quartz.Impl.AdoJobStore.JobStoreTX|JobStoreTX initialized. 
2018-12-28 16:50:28.5944||INFO|Quartz.Core.QuartzScheduler|Scheduler meta-data: Quartz Scheduler (v3.0.7.0) 'QuartzScheduler' with instanceId 'NON_CLUSTERED'
  Scheduler class: 'Quartz.Core.QuartzScheduler' - running locally.
  NOT STARTED.
  Currently in standby mode.
  Number of jobs executed: 0
  Using thread pool 'Quartz.Simpl.DefaultThreadPool' - with 10 threads.
  Using job-store 'Quartz.Impl.AdoJobStore.JobStoreTX' - which supports persistence. and is not clustered.
 
2018-12-28 16:50:28.5944||INFO|Quartz.Impl.StdSchedulerFactory|Quartz scheduler 'QuartzScheduler' initialized 
2018-12-28 16:50:28.5944||INFO|Quartz.Impl.StdSchedulerFactory|Quartz scheduler version: 3.0.7.0 
2018-12-28 16:50:28.5944||INFO|Quartz.Core.QuartzScheduler|JobFactory set to: BackgroundSchedulers.JobFactory 
2018-12-28 16:50:28.6191||DEBUG|Quartz.Impl.AdoJobStore.SimpleSemaphore|Lock 'TRIGGER_ACCESS' is desired by: 46246371-153c-43c2-900c-6aebb91a3295 
2018-12-28 16:50:28.6191||DEBUG|Quartz.Impl.AdoJobStore.SimpleSemaphore|Lock 'TRIGGER_ACCESS' is being obtained: 46246371-153c-43c2-900c-6aebb91a3295 
2018-12-28 16:50:28.6213||DEBUG|Quartz.Impl.AdoJobStore.SimpleSemaphore|Lock 'TRIGGER_ACCESS' given to: 46246371-153c-43c2-900c-6aebb91a3295 
2018-12-28 16:50:28.7106||DEBUG|Quartz.SQL|Prepared SQL: UPDATE QRTZ_TRIGGERS SET TRIGGER_STATE = @newState WHERE SCHED_NAME = 'QuartzScheduler' AND (TRIGGER_STATE = @oldState1 OR TRIGGER_STATE = @oldState2) 
2018-12-28 16:50:28.7725||DEBUG|Quartz.SQL|Prepared SQL: UPDATE QRTZ_TRIGGERS SET TRIGGER_STATE = @newState WHERE SCHED_NAME = 'QuartzScheduler' AND (TRIGGER_STATE = @oldState1 OR TRIGGER_STATE = @oldState2) 
2018-12-28 16:50:28.7912||INFO|Quartz.Impl.AdoJobStore.JobStoreTX|Freed 0 triggers from 'acquired' / 'blocked' state. 
2018-12-28 16:50:28.8148||DEBUG|Quartz.SQL|Prepared SQL: SELECT TRIGGER_NAME, TRIGGER_GROUP FROM QRTZ_TRIGGERS WHERE SCHED_NAME = 'QuartzScheduler' AND MISFIRE_INSTR <> -1 AND NEXT_FIRE_TIME < @nextFireTime AND TRIGGER_STATE = @state1 ORDER BY NEXT_FIRE_TIME ASC, PRIORITY DESC 
2018-12-28 16:50:28.8474||DEBUG|Quartz.Impl.AdoJobStore.JobStoreTX|Found 0 triggers that missed their scheduled fire-time. 
2018-12-28 16:50:28.8567||DEBUG|Quartz.SQL|Prepared SQL: SELECT * FROM QRTZ_FIRED_TRIGGERS WHERE SCHED_NAME = 'QuartzScheduler' AND INSTANCE_NAME = @instanceName AND REQUESTS_RECOVERY = @requestsRecovery 
2018-12-28 16:50:28.8717||INFO|Quartz.Impl.AdoJobStore.JobStoreTX|Recovering 0 jobs that were in-progress at the time of the last shut-down. 
2018-12-28 16:50:28.8717||INFO|Quartz.Impl.AdoJobStore.JobStoreTX|Recovery complete. 
2018-12-28 16:50:28.8717||DEBUG|Quartz.SQL|Prepared SQL: SELECT TRIGGER_NAME, TRIGGER_GROUP FROM QRTZ_TRIGGERS WHERE SCHED_NAME = 'QuartzScheduler' AND TRIGGER_STATE = @state 
2018-12-28 16:50:28.8923||INFO|Quartz.Impl.AdoJobStore.JobStoreTX|Removed 0 'complete' triggers. 
2018-12-28 16:50:28.8923||DEBUG|Quartz.SQL|Prepared SQL: DELETE FROM QRTZ_FIRED_TRIGGERS WHERE SCHED_NAME = 'QuartzScheduler' 
2018-12-28 16:50:28.9089||INFO|Quartz.Impl.AdoJobStore.JobStoreTX|Removed 0 stale fired job entries. 
2018-12-28 16:50:28.9089||DEBUG|Quartz.Impl.AdoJobStore.SimpleSemaphore|Lock 'TRIGGER_ACCESS' returned by: 46246371-153c-43c2-900c-6aebb91a3295 
2018-12-28 16:50:28.9377||INFO|Quartz.Core.QuartzScheduler|Scheduler QuartzScheduler_$_NON_CLUSTERED started. 
2018-12-28 16:50:40.6908||INFO|Quartz.Util.DBConnectionManager|Registering datasource 'SR-53\MSSQL' with db provider: 'Quartz.Impl.AdoJobStore.Common.DbProvider' 
2018-12-28 16:50:40.7395||INFO|Quartz.Impl.StdSchedulerFactory|Using object serializer: Quartz.Simpl.JsonObjectSerializer, Quartz.Serialization.Json 
2018-12-28 16:50:40.7514||DEBUG|Quartz.Simpl.TaskSchedulingThreadPool|TaskSchedulingThreadPool configured with max concurrency of 10 and TaskScheduler ThreadPoolTaskScheduler. 
2018-12-28 16:50:40.7514||INFO|Quartz.Core.SchedulerSignalerImpl|Initialized Scheduler Signaller of type: Quartz.Core.SchedulerSignalerImpl 
2018-12-28 16:50:40.7849||INFO|Quartz.Core.QuartzScheduler|Quartz Scheduler v.3.0.7.0 created. 
2018-12-28 16:50:40.7948||DEBUG|Quartz.Impl.AdoJobStore.StdAdoDelegate|Adding TriggerPersistenceDelegate of type: Quartz.Impl.AdoJobStore.SimpleTriggerPersistenceDelegate 
2018-12-28 16:50:40.7948||DEBUG|Quartz.Impl.AdoJobStore.StdAdoDelegate|Adding TriggerPersistenceDelegate of type: Quartz.Impl.AdoJobStore.CronTriggerPersistenceDelegate 
2018-12-28 16:50:40.7948||DEBUG|Quartz.Impl.AdoJobStore.StdAdoDelegate|Adding TriggerPersistenceDelegate of type: Quartz.Impl.AdoJobStore.CalendarIntervalTriggerPersistenceDelegate 
2018-12-28 16:50:40.7948||DEBUG|Quartz.Impl.AdoJobStore.StdAdoDelegate|Adding TriggerPersistenceDelegate of type: Quartz.Impl.AdoJobStore.DailyTimeIntervalTriggerPersistenceDelegate 
2018-12-28 16:50:40.7948||INFO|Quartz.Impl.AdoJobStore.JobStoreTX|Using thread monitor-based data access locking (synchronization). 
2018-12-28 16:50:40.7948||INFO|Quartz.Impl.AdoJobStore.JobStoreTX|JobStoreTX initialized. 
2018-12-28 16:50:40.7948||INFO|Quartz.Core.QuartzScheduler|Scheduler meta-data: Quartz Scheduler (v3.0.7.0) 'QuartzScheduler' with instanceId 'NON_CLUSTERED'
  Scheduler class: 'Quartz.Core.QuartzScheduler' - running locally.
  NOT STARTED.
  Currently in standby mode.
  Number of jobs executed: 0
  Using thread pool 'Quartz.Simpl.DefaultThreadPool' - with 10 threads.
  Using job-store 'Quartz.Impl.AdoJobStore.JobStoreTX' - which supports persistence. and is not clustered.
 
2018-12-28 16:50:40.7948||INFO|Quartz.Impl.StdSchedulerFactory|Quartz scheduler 'QuartzScheduler' initialized 
2018-12-28 16:50:40.8099||INFO|Quartz.Impl.StdSchedulerFactory|Quartz scheduler version: 3.0.7.0 
2018-12-28 16:50:40.8099||INFO|Quartz.Core.QuartzScheduler|JobFactory set to: BackgroundSchedulers.JobFactory 
2018-12-28 16:50:40.8319||DEBUG|Quartz.Impl.AdoJobStore.SimpleSemaphore|Lock 'TRIGGER_ACCESS' is desired by: 2793427c-c964-44d9-b876-0dba8b9893d8 
2018-12-28 16:50:40.8319||DEBUG|Quartz.Impl.AdoJobStore.SimpleSemaphore|Lock 'TRIGGER_ACCESS' is being obtained: 2793427c-c964-44d9-b876-0dba8b9893d8 
2018-12-28 16:50:40.8319||DEBUG|Quartz.Impl.AdoJobStore.SimpleSemaphore|Lock 'TRIGGER_ACCESS' given to: 2793427c-c964-44d9-b876-0dba8b9893d8 
2018-12-28 16:50:40.8852||DEBUG|Quartz.SQL|Prepared SQL: UPDATE QRTZ_TRIGGERS SET TRIGGER_STATE = @newState WHERE SCHED_NAME = 'QuartzScheduler' AND (TRIGGER_STATE = @oldState1 OR TRIGGER_STATE = @oldState2) 
2018-12-28 16:50:40.9030||DEBUG|Quartz.SQL|Prepared SQL: UPDATE QRTZ_TRIGGERS SET TRIGGER_STATE = @newState WHERE SCHED_NAME = 'QuartzScheduler' AND (TRIGGER_STATE = @oldState1 OR TRIGGER_STATE = @oldState2) 
2018-12-28 16:50:40.9030||INFO|Quartz.Impl.AdoJobStore.JobStoreTX|Freed 0 triggers from 'acquired' / 'blocked' state. 
2018-12-28 16:50:40.9180||DEBUG|Quartz.SQL|Prepared SQL: SELECT TRIGGER_NAME, TRIGGER_GROUP FROM QRTZ_TRIGGERS WHERE SCHED_NAME = 'QuartzScheduler' AND MISFIRE_INSTR <> -1 AND NEXT_FIRE_TIME < @nextFireTime AND TRIGGER_STATE = @state1 ORDER BY NEXT_FIRE_TIME ASC, PRIORITY DESC 
2018-12-28 16:50:40.9180||DEBUG|Quartz.Impl.AdoJobStore.JobStoreTX|Found 0 triggers that missed their scheduled fire-time. 
2018-12-28 16:50:40.9366||DEBUG|Quartz.SQL|Prepared SQL: SELECT * FROM QRTZ_FIRED_TRIGGERS WHERE SCHED_NAME = 'QuartzScheduler' AND INSTANCE_NAME = @instanceName AND REQUESTS_RECOVERY = @requestsRecovery 
2018-12-28 16:50:40.9366||INFO|Quartz.Impl.AdoJobStore.JobStoreTX|Recovering 0 jobs that were in-progress at the time of the last shut-down. 
2018-12-28 16:50:40.9366||INFO|Quartz.Impl.AdoJobStore.JobStoreTX|Recovery complete. 
2018-12-28 16:50:40.9366||DEBUG|Quartz.SQL|Prepared SQL: SELECT TRIGGER_NAME, TRIGGER_GROUP FROM QRTZ_TRIGGERS WHERE SCHED_NAME = 'QuartzScheduler' AND TRIGGER_STATE = @state 
2018-12-28 16:50:40.9498||INFO|Quartz.Impl.AdoJobStore.JobStoreTX|Removed 0 'complete' triggers. 
2018-12-28 16:50:40.9498||DEBUG|Quartz.SQL|Prepared SQL: DELETE FROM QRTZ_FIRED_TRIGGERS WHERE SCHED_NAME = 'QuartzScheduler' 
2018-12-28 16:50:40.9498||INFO|Quartz.Impl.AdoJobStore.JobStoreTX|Removed 0 stale fired job entries. 
2018-12-28 16:50:40.9498||DEBUG|Quartz.Impl.AdoJobStore.SimpleSemaphore|Lock 'TRIGGER_ACCESS' returned by: 2793427c-c964-44d9-b876-0dba8b9893d8 
2018-12-28 16:50:40.9735||INFO|Quartz.Core.QuartzScheduler|Scheduler QuartzScheduler_$_NON_CLUSTERED started. 
2018-12-28 16:50:40.9735||INFO|Quartz.Core.QuartzScheduler|JobFactory set to: BackgroundSchedulers.JobFactory 
2018-12-28 16:50:40.9735||INFO|Quartz.Core.QuartzScheduler|Scheduler QuartzScheduler_$_NON_CLUSTERED started. 
2018-12-28 16:50:40.9825||DEBUG|Quartz.Impl.AdoJobStore.MisfireHandler|Scanning for misfires... 
2018-12-28 16:50:40.9825||DEBUG|Quartz.SQL|Prepared SQL: SELECT COUNT(TRIGGER_NAME) FROM QRTZ_TRIGGERS WHERE SCHED_NAME = 'QuartzScheduler' AND MISFIRE_INSTR <> -1 AND NEXT_FIRE_TIME < @nextFireTime AND TRIGGER_STATE = @state1 
2018-12-28 16:50:40.9962||DEBUG|Quartz.SQL|Prepared SQL: SELECT TRIGGER_NAME, TRIGGER_GROUP, NEXT_FIRE_TIME, PRIORITY FROM QRTZ_TRIGGERS WHERE SCHED_NAME = 'QuartzScheduler' AND TRIGGER_STATE = @state AND NEXT_FIRE_TIME <= @noLaterThan AND (MISFIRE_INSTR = -1 OR (MISFIRE_INSTR <> -1 AND NEXT_FIRE_TIME >= @noEarlierThan)) ORDER BY NEXT_FIRE_TIME ASC, PRIORITY DESC 
2018-12-28 16:50:40.9962||DEBUG|Quartz.Impl.AdoJobStore.JobStoreTX|Found 0 triggers that missed their scheduled fire-time. 
2018-12-28 16:50:40.9962||DEBUG|Quartz.Core.QuartzSchedulerThread|Batch acquisition of 0 triggers 
2018-12-28 16:50:41.0380||INFO|Quartz.Core.QuartzScheduler|JobFactory set to: BackgroundSchedulers.JobFactory 
2018-12-28 16:50:41.0380||INFO|Quartz.Core.QuartzScheduler|Scheduler QuartzScheduler_$_NON_CLUSTERED started. 
2018-12-28 16:50:41.0380||DEBUG|Quartz.SQL|Prepared SQL: SELECT TRIGGER_NAME, TRIGGER_GROUP, NEXT_FIRE_TIME, PRIORITY FROM QRTZ_TRIGGERS WHERE SCHED_NAME = 'QuartzScheduler' AND TRIGGER_STATE = @state AND NEXT_FIRE_TIME <= @noLaterThan AND (MISFIRE_INSTR = -1 OR (MISFIRE_INSTR <> -1 AND NEXT_FIRE_TIME >= @noEarlierThan)) ORDER BY NEXT_FIRE_TIME ASC, PRIORITY DESC 
2018-12-28 16:50:41.0380||DEBUG|Quartz.Core.QuartzSchedulerThread|Batch acquisition of 0 triggers 
2018-12-28 16:50:53.3740||DEBUG|Quartz.SQL|Prepared SQL: SELECT TRIGGER_NAME, TRIGGER_GROUP, NEXT_FIRE_TIME, PRIORITY FROM QRTZ_TRIGGERS WHERE SCHED_NAME = 'QuartzScheduler' AND TRIGGER_STATE = @state AND NEXT_FIRE_TIME <= @noLaterThan AND (MISFIRE_INSTR = -1 OR (MISFIRE_INSTR <> -1 AND NEXT_FIRE_TIME >= @noEarlierThan)) ORDER BY NEXT_FIRE_TIME ASC, PRIORITY DESC 
2018-12-28 16:50:53.3740||DEBUG|Quartz.Core.QuartzSchedulerThread|Batch acquisition of 0 triggers 
2018-12-28 16:52:23.9918||INFO|Quartz.Util.DBConnectionManager|Registering datasource 'SR-53\MSSQL' with db provider: 'Quartz.Impl.AdoJobStore.Common.DbProvider' 
2018-12-28 16:52:24.0514||INFO|Quartz.Impl.StdSchedulerFactory|Using object serializer: Quartz.Simpl.JsonObjectSerializer, Quartz.Serialization.Json 
2018-12-28 16:52:24.0769||DEBUG|Quartz.Simpl.TaskSchedulingThreadPool|TaskSchedulingThreadPool configured with max concurrency of 10 and TaskScheduler ThreadPoolTaskScheduler. 
2018-12-28 16:52:24.1063||INFO|Quartz.Core.SchedulerSignalerImpl|Initialized Scheduler Signaller of type: Quartz.Core.SchedulerSignalerImpl 
2018-12-28 16:52:24.1541||INFO|Quartz.Core.QuartzScheduler|Quartz Scheduler v.3.0.7.0 created. 
2018-12-28 16:52:24.1541||DEBUG|Quartz.Impl.AdoJobStore.StdAdoDelegate|Adding TriggerPersistenceDelegate of type: Quartz.Impl.AdoJobStore.SimpleTriggerPersistenceDelegate 
2018-12-28 16:52:24.1541||DEBUG|Quartz.Impl.AdoJobStore.StdAdoDelegate|Adding TriggerPersistenceDelegate of type: Quartz.Impl.AdoJobStore.CronTriggerPersistenceDelegate 
2018-12-28 16:52:24.1541||DEBUG|Quartz.Impl.AdoJobStore.StdAdoDelegate|Adding TriggerPersistenceDelegate of type: Quartz.Impl.AdoJobStore.CalendarIntervalTriggerPersistenceDelegate 
2018-12-28 16:52:24.1693||DEBUG|Quartz.Impl.AdoJobStore.StdAdoDelegate|Adding TriggerPersistenceDelegate of type: Quartz.Impl.AdoJobStore.DailyTimeIntervalTriggerPersistenceDelegate 
2018-12-28 16:52:24.1693||INFO|Quartz.Impl.AdoJobStore.JobStoreTX|Using thread monitor-based data access locking (synchronization). 
2018-12-28 16:52:24.1693||INFO|Quartz.Impl.AdoJobStore.JobStoreTX|JobStoreTX initialized. 
2018-12-28 16:52:24.1693||INFO|Quartz.Core.QuartzScheduler|Scheduler meta-data: Quartz Scheduler (v3.0.7.0) 'QuartzScheduler' with instanceId 'NON_CLUSTERED'
  Scheduler class: 'Quartz.Core.QuartzScheduler' - running locally.
  NOT STARTED.
  Currently in standby mode.
  Number of jobs executed: 0
  Using thread pool 'Quartz.Simpl.DefaultThreadPool' - with 10 threads.
  Using job-store 'Quartz.Impl.AdoJobStore.JobStoreTX' - which supports persistence. and is not clustered.
 
2018-12-28 16:52:24.1693||INFO|Quartz.Impl.StdSchedulerFactory|Quartz scheduler 'QuartzScheduler' initialized 
2018-12-28 16:52:24.1693||INFO|Quartz.Impl.StdSchedulerFactory|Quartz scheduler version: 3.0.7.0 
2018-12-28 16:52:24.6178||INFO|Quartz.Core.QuartzScheduler|JobFactory set to: BackgroundSchedulers.JobFactory 
2018-12-28 16:52:24.8195||DEBUG|Quartz.Impl.AdoJobStore.SimpleSemaphore|Lock 'TRIGGER_ACCESS' is desired by: 5a97ca20-7d90-46e8-8c23-1af2f9dcc3db 
2018-12-28 16:52:24.8195||DEBUG|Quartz.Impl.AdoJobStore.SimpleSemaphore|Lock 'TRIGGER_ACCESS' is being obtained: 5a97ca20-7d90-46e8-8c23-1af2f9dcc3db 
2018-12-28 16:52:24.8195||DEBUG|Quartz.Impl.AdoJobStore.SimpleSemaphore|Lock 'TRIGGER_ACCESS' given to: 5a97ca20-7d90-46e8-8c23-1af2f9dcc3db 
2018-12-28 16:52:24.9174||DEBUG|Quartz.SQL|Prepared SQL: UPDATE QRTZ_TRIGGERS SET TRIGGER_STATE = @newState WHERE SCHED_NAME = 'QuartzScheduler' AND (TRIGGER_STATE = @oldState1 OR TRIGGER_STATE = @oldState2) 
2018-12-28 16:52:24.9769||DEBUG|Quartz.SQL|Prepared SQL: UPDATE QRTZ_TRIGGERS SET TRIGGER_STATE = @newState WHERE SCHED_NAME = 'QuartzScheduler' AND (TRIGGER_STATE = @oldState1 OR TRIGGER_STATE = @oldState2) 
2018-12-28 16:52:25.0012||INFO|Quartz.Impl.AdoJobStore.JobStoreTX|Freed 0 triggers from 'acquired' / 'blocked' state. 
2018-12-28 16:52:25.0120||DEBUG|Quartz.SQL|Prepared SQL: SELECT TRIGGER_NAME, TRIGGER_GROUP FROM QRTZ_TRIGGERS WHERE SCHED_NAME = 'QuartzScheduler' AND MISFIRE_INSTR <> -1 AND NEXT_FIRE_TIME < @nextFireTime AND TRIGGER_STATE = @state1 ORDER BY NEXT_FIRE_TIME ASC, PRIORITY DESC 
2018-12-28 16:52:25.0337||DEBUG|Quartz.Impl.AdoJobStore.JobStoreTX|Found 0 triggers that missed their scheduled fire-time. 
2018-12-28 16:52:25.0429||DEBUG|Quartz.SQL|Prepared SQL: SELECT * FROM QRTZ_FIRED_TRIGGERS WHERE SCHED_NAME = 'QuartzScheduler' AND INSTANCE_NAME = @instanceName AND REQUESTS_RECOVERY = @requestsRecovery 
2018-12-28 16:52:25.0594||INFO|Quartz.Impl.AdoJobStore.JobStoreTX|Recovering 0 jobs that were in-progress at the time of the last shut-down. 
2018-12-28 16:52:25.0594||INFO|Quartz.Impl.AdoJobStore.JobStoreTX|Recovery complete. 
2018-12-28 16:52:25.0594||DEBUG|Quartz.SQL|Prepared SQL: SELECT TRIGGER_NAME, TRIGGER_GROUP FROM QRTZ_TRIGGERS WHERE SCHED_NAME = 'QuartzScheduler' AND TRIGGER_STATE = @state 
2018-12-28 16:52:25.0780||INFO|Quartz.Impl.AdoJobStore.JobStoreTX|Removed 0 'complete' triggers. 
2018-12-28 16:52:25.0780||DEBUG|Quartz.SQL|Prepared SQL: DELETE FROM QRTZ_FIRED_TRIGGERS WHERE SCHED_NAME = 'QuartzScheduler' 
2018-12-28 16:52:25.0930||INFO|Quartz.Impl.AdoJobStore.JobStoreTX|Removed 0 stale fired job entries. 
2018-12-28 16:52:25.0930||DEBUG|Quartz.Impl.AdoJobStore.SimpleSemaphore|Lock 'TRIGGER_ACCESS' returned by: 5a97ca20-7d90-46e8-8c23-1af2f9dcc3db 
2018-12-28 16:52:25.1176||INFO|Quartz.Core.QuartzScheduler|Scheduler QuartzScheduler_$_NON_CLUSTERED started. 
2018-12-28 16:52:26.6906||DEBUG|Quartz.Impl.AdoJobStore.MisfireHandler|Scanning for misfires... 
2018-12-28 16:52:26.7397||DEBUG|Quartz.SQL|Prepared SQL: SELECT TRIGGER_NAME, TRIGGER_GROUP, NEXT_FIRE_TIME, PRIORITY FROM QRTZ_TRIGGERS WHERE SCHED_NAME = 'QuartzScheduler' AND TRIGGER_STATE = @state AND NEXT_FIRE_TIME <= @noLaterThan AND (MISFIRE_INSTR = -1 OR (MISFIRE_INSTR <> -1 AND NEXT_FIRE_TIME >= @noEarlierThan)) ORDER BY NEXT_FIRE_TIME ASC, PRIORITY DESC 
2018-12-28 16:52:26.7588||DEBUG|Quartz.SQL|Prepared SQL: SELECT COUNT(TRIGGER_NAME) FROM QRTZ_TRIGGERS WHERE SCHED_NAME = 'QuartzScheduler' AND MISFIRE_INSTR <> -1 AND NEXT_FIRE_TIME < @nextFireTime AND TRIGGER_STATE = @state1 
2018-12-28 16:52:26.7898||DEBUG|Quartz.Core.QuartzSchedulerThread|Batch acquisition of 0 triggers 
2018-12-28 16:52:26.7898||DEBUG|Quartz.Impl.AdoJobStore.JobStoreTX|Found 0 triggers that missed their scheduled fire-time. 
2018-12-28 16:52:36.3310||INFO|Quartz.Util.DBConnectionManager|Registering datasource 'SR-53\MSSQL' with db provider: 'Quartz.Impl.AdoJobStore.Common.DbProvider' 
2018-12-28 16:52:36.3989||INFO|Quartz.Impl.StdSchedulerFactory|Using object serializer: Quartz.Simpl.JsonObjectSerializer, Quartz.Serialization.Json 
2018-12-28 16:52:36.4193||DEBUG|Quartz.Simpl.TaskSchedulingThreadPool|TaskSchedulingThreadPool configured with max concurrency of 10 and TaskScheduler ThreadPoolTaskScheduler. 
2018-12-28 16:52:36.4485||INFO|Quartz.Core.SchedulerSignalerImpl|Initialized Scheduler Signaller of type: Quartz.Core.SchedulerSignalerImpl 
2018-12-28 16:52:36.4963||INFO|Quartz.Core.QuartzScheduler|Quartz Scheduler v.3.0.7.0 created. 
2018-12-28 16:52:36.4963||DEBUG|Quartz.Impl.AdoJobStore.StdAdoDelegate|Adding TriggerPersistenceDelegate of type: Quartz.Impl.AdoJobStore.SimpleTriggerPersistenceDelegate 
2018-12-28 16:52:36.4963||DEBUG|Quartz.Impl.AdoJobStore.StdAdoDelegate|Adding TriggerPersistenceDelegate of type: Quartz.Impl.AdoJobStore.CronTriggerPersistenceDelegate 
2018-12-28 16:52:36.5129||DEBUG|Quartz.Impl.AdoJobStore.StdAdoDelegate|Adding TriggerPersistenceDelegate of type: Quartz.Impl.AdoJobStore.CalendarIntervalTriggerPersistenceDelegate 
2018-12-28 16:52:36.5129||DEBUG|Quartz.Impl.AdoJobStore.StdAdoDelegate|Adding TriggerPersistenceDelegate of type: Quartz.Impl.AdoJobStore.DailyTimeIntervalTriggerPersistenceDelegate 
2018-12-28 16:52:36.5129||INFO|Quartz.Impl.AdoJobStore.JobStoreTX|Using thread monitor-based data access locking (synchronization). 
2018-12-28 16:52:36.5129||INFO|Quartz.Impl.AdoJobStore.JobStoreTX|JobStoreTX initialized. 
2018-12-28 16:52:36.5129||INFO|Quartz.Core.QuartzScheduler|Scheduler meta-data: Quartz Scheduler (v3.0.7.0) 'QuartzScheduler' with instanceId 'NON_CLUSTERED'
  Scheduler class: 'Quartz.Core.QuartzScheduler' - running locally.
  NOT STARTED.
  Currently in standby mode.
  Number of jobs executed: 0
  Using thread pool 'Quartz.Simpl.DefaultThreadPool' - with 10 threads.
  Using job-store 'Quartz.Impl.AdoJobStore.JobStoreTX' - which supports persistence. and is not clustered.
 
2018-12-28 16:52:36.5297||INFO|Quartz.Impl.StdSchedulerFactory|Quartz scheduler 'QuartzScheduler' initialized 
2018-12-28 16:52:36.5297||INFO|Quartz.Impl.StdSchedulerFactory|Quartz scheduler version: 3.0.7.0 
2018-12-28 16:52:36.5297||INFO|Quartz.Core.QuartzScheduler|JobFactory set to: BackgroundSchedulers.JobFactory 
2018-12-28 16:52:36.5551||DEBUG|Quartz.Impl.AdoJobStore.SimpleSemaphore|Lock 'TRIGGER_ACCESS' is desired by: 75978023-1e64-40c3-b0d7-e244648339d6 
2018-12-28 16:52:36.5551||DEBUG|Quartz.Impl.AdoJobStore.SimpleSemaphore|Lock 'TRIGGER_ACCESS' is being obtained: 75978023-1e64-40c3-b0d7-e244648339d6 
2018-12-28 16:52:36.5551||DEBUG|Quartz.Impl.AdoJobStore.SimpleSemaphore|Lock 'TRIGGER_ACCESS' given to: 75978023-1e64-40c3-b0d7-e244648339d6 
2018-12-28 16:52:36.6550||DEBUG|Quartz.SQL|Prepared SQL: UPDATE QRTZ_TRIGGERS SET TRIGGER_STATE = @newState WHERE SCHED_NAME = 'QuartzScheduler' AND (TRIGGER_STATE = @oldState1 OR TRIGGER_STATE = @oldState2) 
2018-12-28 16:52:36.7027||DEBUG|Quartz.SQL|Prepared SQL: UPDATE QRTZ_TRIGGERS SET TRIGGER_STATE = @newState WHERE SCHED_NAME = 'QuartzScheduler' AND (TRIGGER_STATE = @oldState1 OR TRIGGER_STATE = @oldState2) 
2018-12-28 16:52:36.7204||INFO|Quartz.Impl.AdoJobStore.JobStoreTX|Freed 0 triggers from 'acquired' / 'blocked' state. 
2018-12-28 16:52:36.7311||DEBUG|Quartz.SQL|Prepared SQL: SELECT TRIGGER_NAME, TRIGGER_GROUP FROM QRTZ_TRIGGERS WHERE SCHED_NAME = 'QuartzScheduler' AND MISFIRE_INSTR <> -1 AND NEXT_FIRE_TIME < @nextFireTime AND TRIGGER_STATE = @state1 ORDER BY NEXT_FIRE_TIME ASC, PRIORITY DESC 
2018-12-28 16:52:36.7513||DEBUG|Quartz.Impl.AdoJobStore.JobStoreTX|Found 0 triggers that missed their scheduled fire-time. 
2018-12-28 16:52:36.7630||DEBUG|Quartz.SQL|Prepared SQL: SELECT * FROM QRTZ_FIRED_TRIGGERS WHERE SCHED_NAME = 'QuartzScheduler' AND INSTANCE_NAME = @instanceName AND REQUESTS_RECOVERY = @requestsRecovery 
2018-12-28 16:52:36.7885||INFO|Quartz.Impl.AdoJobStore.JobStoreTX|Recovering 0 jobs that were in-progress at the time of the last shut-down. 
2018-12-28 16:52:36.7885||INFO|Quartz.Impl.AdoJobStore.JobStoreTX|Recovery complete. 
2018-12-28 16:52:36.7946||DEBUG|Quartz.SQL|Prepared SQL: SELECT TRIGGER_NAME, TRIGGER_GROUP FROM QRTZ_TRIGGERS WHERE SCHED_NAME = 'QuartzScheduler' AND TRIGGER_STATE = @state 
2018-12-28 16:52:36.8084||INFO|Quartz.Impl.AdoJobStore.JobStoreTX|Removed 0 'complete' triggers. 
2018-12-28 16:52:36.8084||DEBUG|Quartz.SQL|Prepared SQL: DELETE FROM QRTZ_FIRED_TRIGGERS WHERE SCHED_NAME = 'QuartzScheduler' 
2018-12-28 16:52:36.8249||INFO|Quartz.Impl.AdoJobStore.JobStoreTX|Removed 0 stale fired job entries. 
2018-12-28 16:52:36.8249||DEBUG|Quartz.Impl.AdoJobStore.SimpleSemaphore|Lock 'TRIGGER_ACCESS' returned by: 75978023-1e64-40c3-b0d7-e244648339d6 
2018-12-28 16:52:36.8567||INFO|Quartz.Core.QuartzScheduler|Scheduler QuartzScheduler_$_NON_CLUSTERED started. 
2018-12-28 16:52:36.8743||DEBUG|Quartz.Impl.AdoJobStore.MisfireHandler|Scanning for misfires... 
2018-12-28 16:52:36.9121||DEBUG|Quartz.SQL|Prepared SQL: SELECT COUNT(TRIGGER_NAME) FROM QRTZ_TRIGGERS WHERE SCHED_NAME = 'QuartzScheduler' AND MISFIRE_INSTR <> -1 AND NEXT_FIRE_TIME < @nextFireTime AND TRIGGER_STATE = @state1 
2018-12-28 16:52:36.9334||DEBUG|Quartz.SQL|Prepared SQL: SELECT TRIGGER_NAME, TRIGGER_GROUP, NEXT_FIRE_TIME, PRIORITY FROM QRTZ_TRIGGERS WHERE SCHED_NAME = 'QuartzScheduler' AND TRIGGER_STATE = @state AND NEXT_FIRE_TIME <= @noLaterThan AND (MISFIRE_INSTR = -1 OR (MISFIRE_INSTR <> -1 AND NEXT_FIRE_TIME >= @noEarlierThan)) ORDER BY NEXT_FIRE_TIME ASC, PRIORITY DESC 
2018-12-28 16:52:36.9521||DEBUG|Quartz.Impl.AdoJobStore.JobStoreTX|Found 0 triggers that missed their scheduled fire-time. 
2018-12-28 16:52:36.9782||DEBUG|Quartz.Core.QuartzSchedulerThread|Batch acquisition of 0 triggers 
